<?xml version="1.0" encoding="UTF-8"?>
<!-- Generated by org.testng.reporters.JUnitReportReporter -->
<testsuite skipped="0" hostname="DESKTOP-LH5ITVA" name="Exercise1" tests="6" failures="0" timestamp="13 Jan 2019 10:11:33 GMT" time="22.065" errors="0">
  <testcase name="ToCheckPrefixSuffixPalindrome" time="5.088" classname="Exercise1"/>
  <testcase name="SortingUserBased" time="11.761" classname="Exercise1"/>
  <testcase name="FindCountofWords" time="0.073" classname="Exercise1"/>
  <testcase name="ValidateMailID" time="5.133" classname="Exercise1"/>
  <testcase name="ParseCSVFile" time="0.005" classname="Exercise1"/>
  <testcase name="ParseCSVFileUit" time="0.005" classname="Exercise1"/>
</testsuite> <!-- Exercise1 -->
